{"name": "test_lims_login[http://62.171.183.83:9096/QuaLISWeb/#/login-r1-1230]", "status": "broken", "statusDetails": {"message": "selenium.common.exceptions.TimeoutException: Message: \nStacktrace:\nBacktrace:\n\t(No symbol) [0x007EDCE3]\n\t(No symbol) [0x007839D1]\n\t(No symbol) [0x00694DA8]\n\t(No symbol) [0x006C019F]\n\t(No symbol) [0x006C03AB]\n\t(No symbol) [0x006EEE62]\n\t(No symbol) [0x006DAF14]\n\t(No symbol) [0x006ED57C]\n\t(No symbol) [0x006DACC6]\n\t(No symbol) [0x006B6F68]\n\t(No symbol) [0x006B80CD]\n\tGetHandleVerifier [0x00A63832+2506274]\n\tGetHandleVerifier [0x00A99794+2727300]\n\tGetHandleVerifier [0x00A9E36C+2746716]\n\tGetHandleVerifier [0x00896690+617600]\n\t(No symbol) [0x0078C712]\n\t(No symbol) [0x00791FF8]\n\t(No symbol) [0x007920DB]\n\t(No symbol) [0x0079C63B]\n\tBaseThreadInitThunk [0x76246BD9+25]\n\tRtlGetFullPathName_UEx [0x77BE8FD2+1218]\n\tRtlGetFullPathName_UEx [0x77BE8F9D+1165]", "trace": "pass1 = 'http://62.171.183.83:9096/QuaLISWeb/#/login', pass2 = 'r1'\npass3 = '123'\n\n    @pytest.mark.parametrize(\"pass1,pass2,pass3\",[(link,user_name,password),(link,user_name,password),(link,user_name,password)])\n    @allure.severity(allure.severity_level.BLOCKER)\n    def test_lims_login(pass1,pass2,pass3):\n        chrome_option = webdriver.ChromeOptions()\n        chrome_option.add_experimental_option(\"detach\", True)\n        driver = webdriver.Chrome(service = Service(ChromeDriverManager().install()), options = chrome_option)\n        driver.maximize_window()\n        driver.get(pass1)\n        driver.find_element(By.XPATH, \"//*[@name='sloginid']\").send_keys(pass2)\n        driver.find_element(By.XPATH, \"//*[@name='spassword']\").send_keys(pass3)\n>       WebDriverWait(driver, 40, ignored_exceptions=[Exception]).until(\n        EC.element_to_be_clickable((By.XPATH, \"//*[text()='Administrator']\")))\n\nPyTest\\test_AllureSeverity.py:25: \n_ _ _ _ _ _ _ _ _ _ _ _ _ _ _ _ _ _ _ _ _ _ _ _ _ _ _ _ _ _ _ _ _ _ _ _ _ _ _ _\n\nself = <selenium.webdriver.support.wait.WebDriverWait (session=\"04ef4f6b9ecdb0c9262cc9b5a97db972\")>\nmethod = <function element_to_be_clickable.<locals>._predicate at 0x000001869372DAF0>\nmessage = ''\n\n    def until(self, method, message: str = \"\"):\n        \"\"\"Calls the method provided with the driver as an argument until the \\\n        return value does not evaluate to ``False``.\n    \n        :param method: callable(WebDriver)\n        :param message: optional message for :exc:`TimeoutException`\n        :returns: the result of the last call to `method`\n        :raises: :exc:`selenium.common.exceptions.TimeoutException` if timeout occurs\n        \"\"\"\n        screen = None\n        stacktrace = None\n    \n        end_time = time.monotonic() + self._timeout\n        while True:\n            try:\n                value = method(self._driver)\n                if value:\n                    return value\n            except self._ignored_exceptions as exc:\n                screen = getattr(exc, \"screen\", None)\n                stacktrace = getattr(exc, \"stacktrace\", None)\n            time.sleep(self._poll)\n            if time.monotonic() > end_time:\n                break\n>       raise TimeoutException(message, screen, stacktrace)\nE       selenium.common.exceptions.TimeoutException: Message: \nE       Stacktrace:\nE       Backtrace:\nE       \t(No symbol) [0x007EDCE3]\nE       \t(No symbol) [0x007839D1]\nE       \t(No symbol) [0x00694DA8]\nE       \t(No symbol) [0x006C019F]\nE       \t(No symbol) [0x006C03AB]\nE       \t(No symbol) [0x006EEE62]\nE       \t(No symbol) [0x006DAF14]\nE       \t(No symbol) [0x006ED57C]\nE       \t(No symbol) [0x006DACC6]\nE       \t(No symbol) [0x006B6F68]\nE       \t(No symbol) [0x006B80CD]\nE       \tGetHandleVerifier [0x00A63832+2506274]\nE       \tGetHandleVerifier [0x00A99794+2727300]\nE       \tGetHandleVerifier [0x00A9E36C+2746716]\nE       \tGetHandleVerifier [0x00896690+617600]\nE       \t(No symbol) [0x0078C712]\nE       \t(No symbol) [0x00791FF8]\nE       \t(No symbol) [0x007920DB]\nE       \t(No symbol) [0x0079C63B]\nE       \tBaseThreadInitThunk [0x76246BD9+25]\nE       \tRtlGetFullPathName_UEx [0x77BE8FD2+1218]\nE       \tRtlGetFullPathName_UEx [0x77BE8F9D+1165]\n\nvenv\\lib\\site-packages\\selenium\\webdriver\\support\\wait.py:95: TimeoutException"}, "parameters": [{"name": "pass1", "value": "'http://62.171.183.83:9096/QuaLISWeb/#/login'"}, {"name": "pass2", "value": "'r1'"}, {"name": "pass3", "value": "'123'"}], "start": 1681213923323, "stop": 1681213992940, "uuid": "fd18e7cc-fd98-475f-9526-bb0cd247998f", "historyId": "e75c9445f31ab60507d5e712cc0d3a1c", "testCaseId": "a16bd45d4ed291905f49b7169535d9d8", "fullName": "PyTest.test_AllureSeverity#test_lims_login", "labels": [{"name": "severity", "value": "blocker"}, {"name": "parentSuite", "value": "PyTest"}, {"name": "suite", "value": "test_AllureSeverity"}, {"name": "host", "value": "AGL113"}, {"name": "thread", "value": "8664-MainThread"}, {"name": "framework", "value": "pytest"}, {"name": "language", "value": "cpython3"}, {"name": "package", "value": "PyTest.test_AllureSeverity"}]}